Build started 10/03/2015 4:27:48 PM.
     1>Project "c:\Users\xingw\documents\visual studio 2010\Projects\SI-OWLQN\SI-OWLQN\SI-OWLQN.vcxproj" on node 2 (build target(s)).
     1>C:\Program Files (x86)\MSBuild\Microsoft.Cpp\v4.0\Microsoft.CppBuild.targets(299,5): warning MSB8004: Output Directory does not end with a trailing slash.  This build instance will add the slash as it is required to allow proper evaluation of the Output Directory.
     1>InitializeBuildStatus:
         Creating "Debug\SI-OWLQN.unsuccessfulbuild" because "AlwaysCreate" was specified.
       ClCompile:
         All outputs are up-to-date.
       Link:
         C:\Program Files (x86)\Microsoft Visual Studio 10.0\VC\bin\link.exe /ERRORREPORT:PROMPT /OUT:"C:\Users\xingw\Documents\Visual Studio 2010\Projects\SI-OWLQN\SI-OWLQN\SI-OWLQN.exe" /NOLOGO kernel32.lib user32.lib gdi32.lib winspool.lib comdlg32.lib advapi32.lib shell32.lib ole32.lib oleaut32.lib uuid.lib odbc32.lib odbccp32.lib /MANIFEST /ManifestFile:"Debug\SI-OWLQN.exe.intermediate.manifest" /MANIFESTUAC:"level='asInvoker' uiAccess='false'" /DEBUG /PDB:"C:\Users\xingw\Documents\Visual Studio 2010\Projects\SI-OWLQN\SI-OWLQN\SI-OWLQN.pdb" /TLBID:1 /DYNAMICBASE /NXCOMPAT /IMPLIB:"C:\Users\xingw\Documents\Visual Studio 2010\Projects\SI-OWLQN\SI-OWLQN\SI-OWLQN.lib" /MACHINE:X86 Debug\leastSquares.obj
         Debug\logreg.obj
         Debug\main.obj
         Debug\OWLQN.obj
         Debug\TerminationCriterion.obj
         SI-OWLQN.vcxproj -> C:\Users\xingw\Documents\Visual Studio 2010\Projects\SI-OWLQN\SI-OWLQN\SI-OWLQN.exe
       Manifest:
         C:\Program Files (x86)\Microsoft SDKs\Windows\v7.0A\bin\mt.exe /nologo /verbose /outputresource:"C:\Users\xingw\Documents\Visual Studio 2010\Projects\SI-OWLQN\SI-OWLQN\SI-OWLQN.exe;#1" /manifest "Debug\SI-OWLQN.exe.intermediate.manifest"
       FinalizeBuildStatus:
         Deleting file "Debug\SI-OWLQN.unsuccessfulbuild".
         Touching "Debug\SI-OWLQN.lastbuildstate".
     1>Done Building Project "c:\Users\xingw\documents\visual studio 2010\Projects\SI-OWLQN\SI-OWLQN\SI-OWLQN.vcxproj" (build target(s)).

Build succeeded.

Time Elapsed 00:00:00.69
